<?xml version="1.0" encoding="UTF-8"?>
<!-- Generated by org.testng.reporters.JUnitXMLReporter -->
<testsuite ignored="0" hostname="Leshans-MacBook-Pro.local" failures="1" tests="1" name="Test" time="0.55" errors="0" timestamp="15 Mar 2023 23:58:32 GMT">
  <testcase classname="com.sample.test.SampleTest" name="testSampleCode" time="0.001">
    <failure type="java.lang.NullPointerException" message="Cannot invoke &amp;quot;io.appium.java_client.android.AndroidDriver.findElement(org.openqa.selenium.By)&amp;quot; because &amp;quot;driver&amp;quot; is null">
      <![CDATA[java.lang.NullPointerException: Cannot invoke "io.appium.java_client.android.AndroidDriver.findElement(org.openqa.selenium.By)" because "driver" is null
at com.sample.test.SampleTest.testSampleCode(SampleTest.java:28)
... Removed 27 stack frames]]>
    </failure>
  </testcase> <!-- testSampleCode -->
</testsuite> <!-- Test -->
